<?xml version="1.0" encoding="UTF-8"?>
<testsuites name="Test 1" time="95.414" tests="4" failures="0" skips="0" errors="0">
   <testsuite name="Test 1" tests="4" failures="0" errors="0" time="95.414" skips="0" timestamp="2023-04-14 13:40:56" hostname="Pribadi - Pribadi" id="Test Suites/Test 1">
      <properties>
         <property name="deviceName" value=""/>
         <property name="devicePlatform" value=""/>
         <property name="logFolder" value="C:\\Users\\Admin\\Downloads\\Test 1 - PT Qoin Digital\\QA-Test1\\Reports\\20230414_134054\\Test 1\\20230414_134054"/>
         <property name="logFiles" value="C:\\Users\\Admin\\Downloads\\Test 1 - PT Qoin Digital\\QA-Test1\\Reports\\20230414_134054\\Test 1\\20230414_134054\\execution0.log"/>
         <property name="attachments" value=""/>
         <property name="hostName" value="Pribadi - Pribadi"/>
         <property name="hostAddress" value="192.168.1.7"/>
         <property name="os" value="Windows 10 64bit"/>
         <property name="katalonVersion" value="7.9.1.208"/>
      </properties>
      <testcase name="Test Cases/GET list users" time="23.226" classname="Test Cases/GET list users" status="PASSED">
         <system-out><![CDATA[2023-04-14 13:40:57 - [TEST_CASE][PASSED] - Test Cases/GET list users: Test Cases/GET list users

2023-04-14 13:40:57 - [TEST_STEP][PASSED] - sendRequest(findTestObject("list users")): Send request successfully

2023-04-14 13:40:58 - [MESSAGE][INFO] - HAR: C:\Users\Admin\Downloads\Test 1 - PT Qoin Digital\QA-Test1\Reports\20230414_134054\Test 1\20230414_134054\requests\main\0.har

2023-04-14 13:40:59 - [MESSAGE][PASSED] - Send request successfully

2023-04-14 13:40:59 - [TEST_STEP][PASSED] - response = sendRequestAndVerify(findTestObject("list users")): Send request and verify the response successfully

2023-04-14 13:41:20 - [MESSAGE][INFO] - HAR: C:\Users\Admin\Downloads\Test 1 - PT Qoin Digital\QA-Test1\Reports\20230414_134054\Test 1\20230414_134054\requests\main\1.har

2023-04-14 13:41:20 - [TEST_CASE][PASSED] - Start Test Case : Verification: Verification accomplished successfully

2023-04-14 13:41:20 - [TEST_STEP][PASSED] - request = getInstance().getCurrentRequest(): null

2023-04-14 13:41:20 - [TEST_STEP][PASSED] - response = getInstance().getCurrentResponse(): null

2023-04-14 13:41:20 - [TEST_STEP][PASSED] - verifyResponseStatusCode(response, 200): Verify response status code successfully

2023-04-14 13:41:20 - [MESSAGE][PASSED] - Verify response status code successfully

2023-04-14 13:41:20 - [TEST_STEP][PASSED] - getStatusCode()).isEqualTo(200): null

2023-04-14 13:41:20 - [TEST_STEP][PASSED] - getStatusCode()).isIn(Arrays.asList(200, 201, 202)): null

2023-04-14 13:41:20 - [TEST_STEP][PASSED] - verifyElementPropertyValue(response, "data[04].first_name", "Charles"): Verify element property value successfully

2023-04-14 13:41:20 - [MESSAGE][PASSED] - Verify element property value successfully

2023-04-14 13:41:20 - [MESSAGE][PASSED] - Verify response successfully

2023-04-14 13:41:20 - [MESSAGE][PASSED] - Send request and verify the response successfully

2023-04-14 13:41:20 - [TEST_STEP][PASSED] - verifyResponseStatusCode(response, 200): Verify response status code successfully

2023-04-14 13:41:20 - [MESSAGE][PASSED] - Verify response status code successfully

2023-04-14 13:41:20 - [TEST_STEP][PASSED] - verifyElementsCount(response, "data.first_name", 6): Verify element count successfully

2023-04-14 13:41:20 - [MESSAGE][PASSED] - Verify element count successfully

2023-04-14 13:41:20 - [TEST_STEP][PASSED] - verifyElementPropertyValue(response, "data[4].first_name", "Charles"): Verify element property value successfully

2023-04-14 13:41:20 - [MESSAGE][PASSED] - Verify element property value successfully]]></system-out>
         <system-err><![CDATA[]]></system-err>
      </testcase>
      <testcase name="Test Cases/GET single user" time="2.424" classname="Test Cases/GET single user" status="PASSED">
         <system-out><![CDATA[2023-04-14 13:41:20 - [TEST_CASE][PASSED] - Test Cases/GET single user: Test Cases/GET single user

2023-04-14 13:41:20 - [TEST_STEP][PASSED] - sendRequest(findTestObject("single user")): Send request successfully

2023-04-14 13:41:21 - [MESSAGE][INFO] - HAR: C:\Users\Admin\Downloads\Test 1 - PT Qoin Digital\QA-Test1\Reports\20230414_134054\Test 1\20230414_134054\requests\main\2.har

2023-04-14 13:41:21 - [MESSAGE][PASSED] - Send request successfully

2023-04-14 13:41:21 - [TEST_STEP][PASSED] - response = sendRequestAndVerify(findTestObject("single user")): Send request and verify the response successfully

2023-04-14 13:41:22 - [MESSAGE][INFO] - HAR: C:\Users\Admin\Downloads\Test 1 - PT Qoin Digital\QA-Test1\Reports\20230414_134054\Test 1\20230414_134054\requests\main\3.har

2023-04-14 13:41:22 - [TEST_CASE][PASSED] - Start Test Case : Verification: Verification accomplished successfully

2023-04-14 13:41:23 - [TEST_STEP][PASSED] - request = getInstance().getCurrentRequest(): null

2023-04-14 13:41:23 - [TEST_STEP][PASSED] - response = getInstance().getCurrentResponse(): null

2023-04-14 13:41:23 - [TEST_STEP][PASSED] - verifyResponseStatusCode(response, 200): Verify response status code successfully

2023-04-14 13:41:23 - [MESSAGE][PASSED] - Verify response status code successfully

2023-04-14 13:41:23 - [TEST_STEP][PASSED] - getStatusCode()).isEqualTo(200): null

2023-04-14 13:41:23 - [TEST_STEP][PASSED] - getStatusCode()).isIn(Arrays.asList(200, 201, 202)): null

2023-04-14 13:41:23 - [TEST_STEP][PASSED] - verifyElementPropertyValue(response, "data.first_name", "Janet"): Verify element property value successfully

2023-04-14 13:41:23 - [MESSAGE][PASSED] - Verify element property value successfully

2023-04-14 13:41:23 - [MESSAGE][PASSED] - Verify response successfully

2023-04-14 13:41:23 - [MESSAGE][PASSED] - Send request and verify the response successfully

2023-04-14 13:41:23 - [TEST_STEP][PASSED] - verifyResponseStatusCode(response, 200): Verify response status code successfully

2023-04-14 13:41:23 - [MESSAGE][PASSED] - Verify response status code successfully

2023-04-14 13:41:23 - [TEST_STEP][PASSED] - verifyElementPropertyValue(response, "data.first_name", "Janet"): Verify element property value successfully

2023-04-14 13:41:23 - [MESSAGE][PASSED] - Verify element property value successfully]]></system-out>
         <system-err><![CDATA[]]></system-err>
      </testcase>
      <testcase name="Test Cases/register successful" time="43.424" classname="Test Cases/register successful" status="PASSED">
         <system-out><![CDATA[2023-04-14 13:41:23 - [TEST_CASE][PASSED] - Test Cases/register successful: Test Cases/register successful

2023-04-14 13:41:23 - [TEST_STEP][PASSED] - sendRequest(findTestObject("register successful")): Send request successfully

2023-04-14 13:42:05 - [MESSAGE][INFO] - HAR: C:\Users\Admin\Downloads\Test 1 - PT Qoin Digital\QA-Test1\Reports\20230414_134054\Test 1\20230414_134054\requests\main\4.har

2023-04-14 13:42:05 - [MESSAGE][PASSED] - Send request successfully

2023-04-14 13:42:05 - [TEST_STEP][PASSED] - response = sendRequestAndVerify(findTestObject("register successful")): Send request and verify the response successfully

2023-04-14 13:42:06 - [MESSAGE][INFO] - HAR: C:\Users\Admin\Downloads\Test 1 - PT Qoin Digital\QA-Test1\Reports\20230414_134054\Test 1\20230414_134054\requests\main\5.har

2023-04-14 13:42:06 - [TEST_CASE][PASSED] - Start Test Case : Verification: Verification accomplished successfully

2023-04-14 13:42:06 - [TEST_STEP][PASSED] - request = getInstance().getCurrentRequest(): null

2023-04-14 13:42:06 - [TEST_STEP][PASSED] - response = getInstance().getCurrentResponse(): null

2023-04-14 13:42:06 - [TEST_STEP][PASSED] - verifyResponseStatusCode(response, 200): Verify response status code successfully

2023-04-14 13:42:06 - [MESSAGE][PASSED] - Verify response status code successfully

2023-04-14 13:42:06 - [TEST_STEP][PASSED] - getStatusCode()).isEqualTo(200): null

2023-04-14 13:42:06 - [TEST_STEP][PASSED] - getStatusCode()).isIn(Arrays.asList(200, 201, 202)): null

2023-04-14 13:42:06 - [MESSAGE][PASSED] - Verify response successfully

2023-04-14 13:42:06 - [MESSAGE][PASSED] - Send request and verify the response successfully

2023-04-14 13:42:06 - [TEST_STEP][PASSED] - verifyResponseStatusCode(response, 200): Verify response status code successfully

2023-04-14 13:42:06 - [MESSAGE][PASSED] - Verify response status code successfully]]></system-out>
         <system-err><![CDATA[]]></system-err>
      </testcase>
      <testcase name="Test Cases/update" time="25.502" classname="Test Cases/update" status="PASSED">
         <system-out><![CDATA[2023-04-14 13:42:06 - [TEST_CASE][PASSED] - Test Cases/update: Test Cases/update

2023-04-14 13:42:06 - [TEST_STEP][PASSED] - sendRequest(findTestObject("update")): Send request successfully

2023-04-14 13:42:31 - [MESSAGE][INFO] - HAR: C:\Users\Admin\Downloads\Test 1 - PT Qoin Digital\QA-Test1\Reports\20230414_134054\Test 1\20230414_134054\requests\main\6.har

2023-04-14 13:42:31 - [MESSAGE][PASSED] - Send request successfully

2023-04-14 13:42:31 - [TEST_STEP][PASSED] - response = sendRequestAndVerify(findTestObject("update")): Send request and verify the response successfully

2023-04-14 13:42:31 - [MESSAGE][INFO] - HAR: C:\Users\Admin\Downloads\Test 1 - PT Qoin Digital\QA-Test1\Reports\20230414_134054\Test 1\20230414_134054\requests\main\7.har

2023-04-14 13:42:31 - [TEST_CASE][PASSED] - Start Test Case : Verification: Verification accomplished successfully

2023-04-14 13:42:31 - [TEST_STEP][PASSED] - request = getInstance().getCurrentRequest(): null

2023-04-14 13:42:31 - [TEST_STEP][PASSED] - response = getInstance().getCurrentResponse(): null

2023-04-14 13:42:31 - [TEST_STEP][PASSED] - verifyResponseStatusCode(response, 200): Verify response status code successfully

2023-04-14 13:42:31 - [MESSAGE][PASSED] - Verify response status code successfully

2023-04-14 13:42:31 - [TEST_STEP][PASSED] - getStatusCode()).isEqualTo(200): null

2023-04-14 13:42:31 - [TEST_STEP][PASSED] - getStatusCode()).isIn(Arrays.asList(200, 201, 202)): null

2023-04-14 13:42:31 - [MESSAGE][PASSED] - Verify response successfully

2023-04-14 13:42:31 - [MESSAGE][PASSED] - Send request and verify the response successfully

2023-04-14 13:42:31 - [TEST_STEP][PASSED] - verifyResponseStatusCode(response, 200): Verify response status code successfully

2023-04-14 13:42:31 - [MESSAGE][PASSED] - Verify response status code successfully]]></system-out>
         <system-err><![CDATA[]]></system-err>
      </testcase>
      <system-out><![CDATA[2023-04-14 13:40:56 - [TEST_SUITE][PASSED] - Test 1: Test Cases/update]]></system-out>
      <system-err><![CDATA[]]></system-err>
   </testsuite>
</testsuites>
