<?xml version="1.0" encoding="UTF-8"?>
<testsuites name="Test 1" time="0.739" tests="4" failures="0" skips="0" errors="4">
   <testsuite name="Test 1" tests="4" failures="0" errors="4" time="0.739" skips="0" timestamp="2023-04-14 13:33:01" hostname="Pribadi - Pribadi" id="Test Suites/Test 1">
      <properties>
         <property name="deviceName" value=""/>
         <property name="devicePlatform" value=""/>
         <property name="logFolder" value="C:\\Users\\Admin\\Downloads\\Test 1 - PT Qoin Digital\\QA-Test1\\Reports\\20230414_133259\\Test 1\\20230414_133259"/>
         <property name="logFiles" value="C:\\Users\\Admin\\Downloads\\Test 1 - PT Qoin Digital\\QA-Test1\\Reports\\20230414_133259\\Test 1\\20230414_133259\\execution0.log"/>
         <property name="attachments" value=""/>
         <property name="hostName" value="Pribadi - Pribadi"/>
         <property name="hostAddress" value="192.168.1.7"/>
         <property name="os" value="Windows 10 64bit"/>
         <property name="katalonVersion" value="7.9.1.208"/>
      </properties>
      <testcase name="Test Cases/GET list users" time="0.016" classname="Test Cases/GET list users" status="ERROR">
         <error type="ERROR" message="Test Cases/GET list users has ERROR(s).
Reason:
java.io.FileNotFoundException: File '' does not exist"/>
         <system-out><![CDATA[2023-04-14 13:33:01 - [TEST_CASE][ERROR] - Test Cases/GET list users: Test Cases/GET list users has ERROR(s).
Reason:
java.io.FileNotFoundException: File '' does not exist]]></system-out>
         <system-err><![CDATA[2023-04-14 13:33:01 - [TEST_CASE][ERROR] - Test Cases/GET list users: Test Cases/GET list users has ERROR(s).
Reason:
java.io.FileNotFoundException: File '' does not exist]]></system-err>
      </testcase>
      <testcase name="Test Cases/GET single user" time="0.002" classname="Test Cases/GET single user" status="ERROR">
         <error type="ERROR" message="Test Cases/GET single user has ERROR(s).
Reason:
java.io.FileNotFoundException: File '' does not exist"/>
         <system-out><![CDATA[2023-04-14 13:33:01 - [TEST_CASE][ERROR] - Test Cases/GET single user: Test Cases/GET single user has ERROR(s).
Reason:
java.io.FileNotFoundException: File '' does not exist]]></system-out>
         <system-err><![CDATA[2023-04-14 13:33:01 - [TEST_CASE][ERROR] - Test Cases/GET single user: Test Cases/GET single user has ERROR(s).
Reason:
java.io.FileNotFoundException: File '' does not exist]]></system-err>
      </testcase>
      <testcase name="Test Cases/register successful" time="0.002" classname="Test Cases/register successful" status="ERROR">
         <error type="ERROR" message="Test Cases/register successful has ERROR(s).
Reason:
java.io.FileNotFoundException: File '' does not exist"/>
         <system-out><![CDATA[2023-04-14 13:33:01 - [TEST_CASE][ERROR] - Test Cases/register successful: Test Cases/register successful has ERROR(s).
Reason:
java.io.FileNotFoundException: File '' does not exist]]></system-out>
         <system-err><![CDATA[2023-04-14 13:33:01 - [TEST_CASE][ERROR] - Test Cases/register successful: Test Cases/register successful has ERROR(s).
Reason:
java.io.FileNotFoundException: File '' does not exist]]></system-err>
      </testcase>
      <testcase name="Test Cases/update" time="0.002" classname="Test Cases/update" status="ERROR">
         <error type="ERROR" message="Test Cases/update has ERROR(s).
Reason:
java.io.FileNotFoundException: File '' does not exist"/>
         <system-out><![CDATA[2023-04-14 13:33:01 - [TEST_CASE][ERROR] - Test Cases/update: Test Cases/update has ERROR(s).
Reason:
java.io.FileNotFoundException: File '' does not exist]]></system-out>
         <system-err><![CDATA[2023-04-14 13:33:01 - [TEST_CASE][ERROR] - Test Cases/update: Test Cases/update has ERROR(s).
Reason:
java.io.FileNotFoundException: File '' does not exist]]></system-err>
      </testcase>
      <system-out><![CDATA[2023-04-14 13:33:01 - [TEST_SUITE][ERROR] - Test 1: Test Cases/GET list users has ERROR(s).
Reason:
java.io.FileNotFoundException: File '' does not exist]]></system-out>
      <system-err><![CDATA[2023-04-14 13:33:01 - [TEST_SUITE][ERROR] - Test 1: Test Cases/GET list users has ERROR(s).
Reason:
java.io.FileNotFoundException: File '' does not exist]]></system-err>
   </testsuite>
</testsuites>
