<?xml version="1.0" encoding="UTF-8"?>
<testsuites name="Test 1" time="112.615" tests="4" failures="0" skips="0" errors="0">
   <testsuite name="Test 1" tests="4" failures="0" errors="0" time="112.615" skips="0" timestamp="2023-04-14 12:51:23" hostname="Pribadi - Pribadi" id="Test Suites/Test 1">
      <properties>
         <property name="deviceName" value=""/>
         <property name="devicePlatform" value=""/>
         <property name="logFolder" value="D:\\Pribadi\\Kelas QA\\QA Test 1\\Test 1.prj\\Reports\\20230414_125120\\Test 1\\20230414_125121"/>
         <property name="logFiles" value="D:\\Pribadi\\Kelas QA\\QA Test 1\\Test 1.prj\\Reports\\20230414_125120\\Test 1\\20230414_125121\\execution0.log"/>
         <property name="attachments" value=""/>
         <property name="hostName" value="Pribadi - Pribadi"/>
         <property name="hostAddress" value="192.168.1.7"/>
         <property name="os" value="Windows 10 64bit"/>
         <property name="katalonVersion" value="7.9.1.208"/>
      </properties>
      <testcase name="Test Cases/GET list users" time="64.861" classname="Test Cases/GET list users" status="PASSED">
         <system-out><![CDATA[2023-04-14 12:51:23 - [TEST_CASE][PASSED] - Test Cases/GET list users: Test Cases/GET list users

2023-04-14 12:51:24 - [TEST_STEP][PASSED] - sendRequest(findTestObject("list users")): Send request successfully

2023-04-14 12:52:28 - [MESSAGE][INFO] - HAR: D:\Pribadi\Kelas QA\QA Test 1\Test 1.prj\Reports\20230414_125120\Test 1\20230414_125121\requests\main\0.har

2023-04-14 12:52:28 - [MESSAGE][PASSED] - Send request successfully

2023-04-14 12:52:28 - [TEST_STEP][PASSED] - response = sendRequestAndVerify(findTestObject("list users")): Send request and verify the response successfully

2023-04-14 12:52:28 - [MESSAGE][INFO] - HAR: D:\Pribadi\Kelas QA\QA Test 1\Test 1.prj\Reports\20230414_125120\Test 1\20230414_125121\requests\main\1.har

2023-04-14 12:52:28 - [TEST_CASE][PASSED] - Start Test Case : Verification: Verification accomplished successfully

2023-04-14 12:52:28 - [TEST_STEP][PASSED] - request = getInstance().getCurrentRequest(): null

2023-04-14 12:52:28 - [TEST_STEP][PASSED] - response = getInstance().getCurrentResponse(): null

2023-04-14 12:52:28 - [TEST_STEP][PASSED] - verifyResponseStatusCode(response, 200): Verify response status code successfully

2023-04-14 12:52:28 - [MESSAGE][PASSED] - Verify response status code successfully

2023-04-14 12:52:28 - [TEST_STEP][PASSED] - getStatusCode()).isEqualTo(200): null

2023-04-14 12:52:28 - [TEST_STEP][PASSED] - getStatusCode()).isIn(Arrays.asList(200, 201, 202)): null

2023-04-14 12:52:28 - [TEST_STEP][PASSED] - verifyElementPropertyValue(response, "data[04].first_name", "Charles"): Verify element property value successfully

2023-04-14 12:52:28 - [MESSAGE][PASSED] - Verify element property value successfully

2023-04-14 12:52:28 - [MESSAGE][PASSED] - Verify response successfully

2023-04-14 12:52:28 - [MESSAGE][PASSED] - Send request and verify the response successfully

2023-04-14 12:52:28 - [TEST_STEP][PASSED] - verifyResponseStatusCode(response, 200): Verify response status code successfully

2023-04-14 12:52:28 - [MESSAGE][PASSED] - Verify response status code successfully

2023-04-14 12:52:28 - [TEST_STEP][PASSED] - verifyElementsCount(response, "data.first_name", 6): Verify element count successfully

2023-04-14 12:52:28 - [MESSAGE][PASSED] - Verify element count successfully

2023-04-14 12:52:28 - [TEST_STEP][PASSED] - verifyElementPropertyValue(response, "data[4].first_name", "Charles"): Verify element property value successfully

2023-04-14 12:52:28 - [MESSAGE][PASSED] - Verify element property value successfully]]></system-out>
         <system-err><![CDATA[]]></system-err>
      </testcase>
      <testcase name="Test Cases/GET single user" time="42.724" classname="Test Cases/GET single user" status="PASSED">
         <system-out><![CDATA[2023-04-14 12:52:28 - [TEST_CASE][PASSED] - Test Cases/GET single user: Test Cases/GET single user

2023-04-14 12:52:28 - [TEST_STEP][PASSED] - sendRequest(findTestObject("single user")): Send request successfully

2023-04-14 12:52:50 - [MESSAGE][INFO] - HAR: D:\Pribadi\Kelas QA\QA Test 1\Test 1.prj\Reports\20230414_125120\Test 1\20230414_125121\requests\main\2.har

2023-04-14 12:52:50 - [MESSAGE][PASSED] - Send request successfully

2023-04-14 12:52:50 - [TEST_STEP][PASSED] - response = sendRequestAndVerify(findTestObject("single user")): Send request and verify the response successfully

2023-04-14 12:53:11 - [MESSAGE][INFO] - HAR: D:\Pribadi\Kelas QA\QA Test 1\Test 1.prj\Reports\20230414_125120\Test 1\20230414_125121\requests\main\3.har

2023-04-14 12:53:11 - [TEST_CASE][PASSED] - Start Test Case : Verification: Verification accomplished successfully

2023-04-14 12:53:11 - [TEST_STEP][PASSED] - request = getInstance().getCurrentRequest(): null

2023-04-14 12:53:11 - [TEST_STEP][PASSED] - response = getInstance().getCurrentResponse(): null

2023-04-14 12:53:11 - [TEST_STEP][PASSED] - verifyResponseStatusCode(response, 200): Verify response status code successfully

2023-04-14 12:53:11 - [MESSAGE][PASSED] - Verify response status code successfully

2023-04-14 12:53:11 - [TEST_STEP][PASSED] - getStatusCode()).isEqualTo(200): null

2023-04-14 12:53:11 - [TEST_STEP][PASSED] - getStatusCode()).isIn(Arrays.asList(200, 201, 202)): null

2023-04-14 12:53:11 - [TEST_STEP][PASSED] - verifyElementPropertyValue(response, "data.first_name", "Janet"): Verify element property value successfully

2023-04-14 12:53:11 - [MESSAGE][PASSED] - Verify element property value successfully

2023-04-14 12:53:11 - [MESSAGE][PASSED] - Verify response successfully

2023-04-14 12:53:11 - [MESSAGE][PASSED] - Send request and verify the response successfully

2023-04-14 12:53:11 - [TEST_STEP][PASSED] - verifyResponseStatusCode(response, 200): Verify response status code successfully

2023-04-14 12:53:11 - [MESSAGE][PASSED] - Verify response status code successfully

2023-04-14 12:53:11 - [TEST_STEP][PASSED] - verifyElementPropertyValue(response, "data.first_name", "Janet"): Verify element property value successfully

2023-04-14 12:53:11 - [MESSAGE][PASSED] - Verify element property value successfully]]></system-out>
         <system-err><![CDATA[]]></system-err>
      </testcase>
      <testcase name="Test Cases/register successful" time="2.773" classname="Test Cases/register successful" status="PASSED">
         <system-out><![CDATA[2023-04-14 12:53:11 - [TEST_CASE][PASSED] - Test Cases/register successful: Test Cases/register successful

2023-04-14 12:53:11 - [TEST_STEP][PASSED] - sendRequest(findTestObject("register successful")): Send request successfully

2023-04-14 12:53:12 - [MESSAGE][INFO] - HAR: D:\Pribadi\Kelas QA\QA Test 1\Test 1.prj\Reports\20230414_125120\Test 1\20230414_125121\requests\main\4.har

2023-04-14 12:53:12 - [MESSAGE][PASSED] - Send request successfully

2023-04-14 12:53:12 - [TEST_STEP][PASSED] - response = sendRequestAndVerify(findTestObject("register successful")): Send request and verify the response successfully

2023-04-14 12:53:14 - [MESSAGE][INFO] - HAR: D:\Pribadi\Kelas QA\QA Test 1\Test 1.prj\Reports\20230414_125120\Test 1\20230414_125121\requests\main\5.har

2023-04-14 12:53:14 - [TEST_CASE][PASSED] - Start Test Case : Verification: Verification accomplished successfully

2023-04-14 12:53:14 - [TEST_STEP][PASSED] - request = getInstance().getCurrentRequest(): null

2023-04-14 12:53:14 - [TEST_STEP][PASSED] - response = getInstance().getCurrentResponse(): null

2023-04-14 12:53:14 - [TEST_STEP][PASSED] - verifyResponseStatusCode(response, 200): Verify response status code successfully

2023-04-14 12:53:14 - [MESSAGE][PASSED] - Verify response status code successfully

2023-04-14 12:53:14 - [TEST_STEP][PASSED] - getStatusCode()).isEqualTo(200): null

2023-04-14 12:53:14 - [TEST_STEP][PASSED] - getStatusCode()).isIn(Arrays.asList(200, 201, 202)): null

2023-04-14 12:53:14 - [MESSAGE][PASSED] - Verify response successfully

2023-04-14 12:53:14 - [MESSAGE][PASSED] - Send request and verify the response successfully

2023-04-14 12:53:14 - [TEST_STEP][PASSED] - verifyResponseStatusCode(response, 200): Verify response status code successfully

2023-04-14 12:53:14 - [MESSAGE][PASSED] - Verify response status code successfully]]></system-out>
         <system-err><![CDATA[]]></system-err>
      </testcase>
      <testcase name="Test Cases/update" time="1.617" classname="Test Cases/update" status="PASSED">
         <system-out><![CDATA[2023-04-14 12:53:14 - [TEST_CASE][PASSED] - Test Cases/update: Test Cases/update

2023-04-14 12:53:14 - [TEST_STEP][PASSED] - sendRequest(findTestObject("update")): Send request successfully

2023-04-14 12:53:15 - [MESSAGE][INFO] - HAR: D:\Pribadi\Kelas QA\QA Test 1\Test 1.prj\Reports\20230414_125120\Test 1\20230414_125121\requests\main\6.har

2023-04-14 12:53:15 - [MESSAGE][PASSED] - Send request successfully

2023-04-14 12:53:15 - [TEST_STEP][PASSED] - response = sendRequestAndVerify(findTestObject("update")): Send request and verify the response successfully

2023-04-14 12:53:15 - [MESSAGE][INFO] - HAR: D:\Pribadi\Kelas QA\QA Test 1\Test 1.prj\Reports\20230414_125120\Test 1\20230414_125121\requests\main\7.har

2023-04-14 12:53:15 - [TEST_CASE][PASSED] - Start Test Case : Verification: Verification accomplished successfully

2023-04-14 12:53:15 - [TEST_STEP][PASSED] - request = getInstance().getCurrentRequest(): null

2023-04-14 12:53:15 - [TEST_STEP][PASSED] - response = getInstance().getCurrentResponse(): null

2023-04-14 12:53:15 - [TEST_STEP][PASSED] - verifyResponseStatusCode(response, 200): Verify response status code successfully

2023-04-14 12:53:15 - [MESSAGE][PASSED] - Verify response status code successfully

2023-04-14 12:53:15 - [TEST_STEP][PASSED] - getStatusCode()).isEqualTo(200): null

2023-04-14 12:53:15 - [TEST_STEP][PASSED] - getStatusCode()).isIn(Arrays.asList(200, 201, 202)): null

2023-04-14 12:53:15 - [MESSAGE][PASSED] - Verify response successfully

2023-04-14 12:53:15 - [MESSAGE][PASSED] - Send request and verify the response successfully

2023-04-14 12:53:15 - [TEST_STEP][PASSED] - verifyResponseStatusCode(response, 200): Verify response status code successfully

2023-04-14 12:53:15 - [MESSAGE][PASSED] - Verify response status code successfully]]></system-out>
         <system-err><![CDATA[]]></system-err>
      </testcase>
      <system-out><![CDATA[2023-04-14 12:51:23 - [TEST_SUITE][PASSED] - Test 1: Test Cases/update]]></system-out>
      <system-err><![CDATA[]]></system-err>
   </testsuite>
</testsuites>
